<?xml version="1.0" encoding="UTF-8"?>
<testng-results ignored="0" total="1" passed="1" failed="0" skipped="0">
  <reporter-output>
  </reporter-output>
  <suite started-at="2025-01-20T13:18:19 IST" name="Surefire suite" finished-at="2025-01-20T13:18:23 IST" duration-ms="4289">
    <groups>
      <group name="cucumber">
        <method signature="AbstractTestNGCucumberTests.runScenario(io.cucumber.testng.PickleWrapper,io.cucumber.testng.FeatureWrapper)[pri:0, instance:testRunner.TestRunner@7d9e8ef7]" name="runScenario" class="io.cucumber.testng.AbstractTestNGCucumberTests"/>
      </group> <!-- cucumber -->
    </groups>
    <test started-at="2025-01-20T13:18:19 IST" name="Surefire test" finished-at="2025-01-20T13:18:23 IST" duration-ms="4289">
      <class name="testRunner.TestRunner">
        <test-method is-config="true" signature="setUpClass(org.testng.ITestContext)[pri:0, instance:testRunner.TestRunner@7d9e8ef7]" started-at="2025-01-20T13:18:19 IST" name="setUpClass" finished-at="2025-01-20T13:18:20 IST" duration-ms="461" status="PASS">
          <params>
            <param index="0">
              <value>
                <![CDATA[org.testng.TestRunner@33a47707]]>
              </value>
            </param>
          </params>
          <reporter-output>
          </reporter-output>
        </test-method> <!-- setUpClass -->
        <test-method signature="runScenario(io.cucumber.testng.PickleWrapper,io.cucumber.testng.FeatureWrapper)[pri:0, instance:testRunner.TestRunner@7d9e8ef7]" started-at="2025-01-20T13:18:20 IST" name="runScenario" description="Runs Cucumber Scenarios" data-provider="scenarios" finished-at="2025-01-20T13:18:23 IST" duration-ms="3761" status="PASS">
          <params>
            <param index="0">
              <value>
                <![CDATA["To validate post ecommerce api response body and status code"]]>
              </value>
            </param>
            <param index="1">
              <value>
                <![CDATA["add product using POST API call"]]>
              </value>
            </param>
          </params>
          <reporter-output>
          </reporter-output>
        </test-method> <!-- runScenario -->
        <test-method is-config="true" signature="tearDownClass()[pri:0, instance:testRunner.TestRunner@7d9e8ef7]" started-at="2025-01-20T13:18:23 IST" name="tearDownClass" finished-at="2025-01-20T13:18:23 IST" duration-ms="29" status="PASS">
          <reporter-output>
          </reporter-output>
        </test-method> <!-- tearDownClass -->
      </class> <!-- testRunner.TestRunner -->
    </test> <!-- Surefire test -->
  </suite> <!-- Surefire suite -->
</testng-results>
