<?xml version="1.0" encoding="UTF-8"?>
<testsuite xmlns:xsi="http://www.w3.org/2001/XMLSchema-instance" xsi:noNamespaceSchemaLocation="https://maven.apache.org/surefire/maven-surefire-plugin/xsd/surefire-test-report-3.0.xsd" version="3.0" name="testRunner.TestRunner" time="5.192" tests="1" errors="0" skipped="0" failures="0">
  <properties>
[...]
</properties>
  <testcase name="runScenario[&quot;To validate post ecommerce api response body and status code&quot;, &quot;add product using POST API call&quot;](1)" classname="testRunner.TestRunner" time="3.768">
    <system-out><![CDATA[
Scenario Outline: To validate post ecommerce api response body and status code   # src/test/java/Features/PostReq.feature:9
  Given user hits the url of POST API endpoint                                   # stepDefinitions.PostReq.user_hits_the_url_of_post_api_endpoint()
  When user passes the details of products in the request                        # stepDefinitions.PostReq.user_passes_the_details_of_products_in_the_request()
  And user passes the request body for title of the product Watch                # stepDefinitions.PostReq.user_passes_the_request_body_for_title_of_the_product_watch()
{"id":21}
  Then user should get the response code as 200 and new id for the added product # stepDefinitions.PostReq.user_should_get_the_response_code_as_and_new_id_for_the_added_product(java.lang.Integer)
]]></system-out>
  </testcase>
</testsuite>